<?xml version="1.0" encoding="UTF-8"?>
<coverage generated="1670476535324" clover="3.2.0">
  <project timestamp="1670476535324" name="All files">
    <metrics statements="113" coveredstatements="111" conditionals="114" coveredconditionals="105" methods="24" coveredmethods="24" elements="251" coveredelements="240" complexity="0" loc="113" ncloc="113" packages="1" files="2" classes="2"/>
    <file name="binary-tree.js" path="C:\Users\16462\Desktop\dsa-trees\binary-tree.js">
      <metrics statements="85" coveredstatements="83" conditionals="92" coveredconditionals="84" methods="16" coveredmethods="16"/>
      <line num="3" count="1" type="stmt"/>
      <line num="7" count="252" type="stmt"/>
      <line num="8" count="252" type="stmt"/>
      <line num="9" count="252" type="stmt"/>
      <line num="15" count="68" type="stmt"/>
      <line num="22" count="3" type="cond" truecount="1" falsecount="1"/>
      <line num="28" count="11" type="cond" truecount="2" falsecount="0"/>
      <line num="29" count="1" type="stmt"/>
      <line num="32" count="10" type="cond" truecount="4" falsecount="0"/>
      <line num="33" count="6" type="stmt"/>
      <line num="36" count="4" type="cond" truecount="1" falsecount="1"/>
      <line num="37" count="0" type="stmt"/>
      <line num="40" count="4" type="cond" truecount="1" falsecount="1"/>
      <line num="41" count="0" type="stmt"/>
      <line num="43" count="4" type="stmt"/>
      <line num="45" count="3" type="stmt"/>
      <line num="52" count="3" type="cond" truecount="2" falsecount="0"/>
      <line num="55" count="10" type="cond" truecount="4" falsecount="0"/>
      <line num="56" count="4" type="cond" truecount="1" falsecount="1"/>
      <line num="57" count="4" type="cond" truecount="1" falsecount="1"/>
      <line num="58" count="4" type="stmt"/>
      <line num="63" count="2" type="stmt"/>
      <line num="70" count="4" type="stmt"/>
      <line num="73" count="36" type="cond" truecount="2" falsecount="0"/>
      <line num="74" count="16" type="stmt"/>
      <line num="75" count="16" type="stmt"/>
      <line num="76" count="16" type="stmt"/>
      <line num="77" count="16" type="stmt"/>
      <line num="80" count="4" type="stmt"/>
      <line num="81" count="4" type="stmt"/>
      <line num="89" count="10" type="cond" truecount="2" falsecount="0"/>
      <line num="92" count="9" type="stmt"/>
      <line num="93" count="9" type="stmt"/>
      <line num="95" count="9" type="stmt"/>
      <line num="96" count="51" type="stmt"/>
      <line num="97" count="51" type="stmt"/>
      <line num="98" count="51" type="stmt"/>
      <line num="99" count="51" type="cond" truecount="2" falsecount="0"/>
      <line num="101" count="51" type="cond" truecount="4" falsecount="0"/>
      <line num="102" count="15" type="stmt"/>
      <line num="105" count="51" type="cond" truecount="2" falsecount="0"/>
      <line num="106" count="51" type="cond" truecount="2" falsecount="0"/>
      <line num="109" count="9" type="stmt"/>
      <line num="117" count="9" type="cond" truecount="4" falsecount="0"/>
      <line num="125" count="86" type="cond" truecount="2" falsecount="0"/>
      <line num="126" count="47" type="cond" truecount="4" falsecount="0"/>
      <line num="127" count="16" type="stmt"/>
      <line num="128" count="16" type="stmt"/>
      <line num="130" count="47" type="cond" truecount="2" falsecount="0"/>
      <line num="131" count="35" type="stmt"/>
      <line num="133" count="47" type="cond" truecount="2" falsecount="0"/>
      <line num="134" count="35" type="stmt"/>
      <line num="136" count="47" type="stmt"/>
      <line num="139" count="8" type="stmt"/>
      <line num="140" count="8" type="stmt"/>
      <line num="143" count="8" type="cond" truecount="3" falsecount="0"/>
      <line num="145" count="8" type="cond" truecount="3" falsecount="0"/>
      <line num="146" count="8" type="cond" truecount="2" falsecount="0"/>
      <line num="153" count="4" type="stmt"/>
      <line num="156" count="44" type="cond" truecount="2" falsecount="0"/>
      <line num="157" count="20" type="stmt"/>
      <line num="158" count="20" type="stmt"/>
      <line num="159" count="20" type="stmt"/>
      <line num="161" count="24" type="stmt"/>
      <line num="165" count="4" type="stmt"/>
      <line num="166" count="4" type="stmt"/>
      <line num="173" count="3" type="cond" truecount="1" falsecount="1"/>
      <line num="175" count="3" type="stmt"/>
      <line num="179" count="33" type="cond" truecount="1" falsecount="1"/>
      <line num="180" count="33" type="stmt"/>
      <line num="182" count="33" type="cond" truecount="2" falsecount="0"/>
      <line num="185" count="15" type="stmt"/>
      <line num="186" count="15" type="stmt"/>
      <line num="187" count="15" type="stmt"/>
      <line num="189" count="15" type="stmt"/>
      <line num="193" count="3" type="stmt"/>
      <line num="194" count="3" type="stmt"/>
      <line num="203" count="46" type="cond" truecount="2" falsecount="0"/>
      <line num="206" count="28" type="cond" truecount="4" falsecount="0"/>
      <line num="209" count="21" type="stmt"/>
      <line num="212" count="21" type="stmt"/>
      <line num="215" count="21" type="cond" truecount="4" falsecount="0"/>
      <line num="218" count="18" type="cond" truecount="6" falsecount="0"/>
      <line num="221" count="13" type="cond" truecount="3" falsecount="1"/>
      <line num="226" count="1" type="stmt"/>
    </file>
    <file name="tree.js" path="C:\Users\16462\Desktop\dsa-trees\tree.js">
      <metrics statements="28" coveredstatements="28" conditionals="22" coveredconditionals="21" methods="8" coveredmethods="8"/>
      <line num="5" count="90" type="stmt"/>
      <line num="6" count="90" type="stmt"/>
      <line num="12" count="27" type="stmt"/>
      <line num="18" count="3" type="cond" truecount="2" falsecount="0"/>
      <line num="20" count="2" type="stmt"/>
      <line num="24" count="5" type="stmt"/>
      <line num="26" count="8" type="stmt"/>
      <line num="28" count="8" type="cond" truecount="2" falsecount="0"/>
      <line num="30" count="3" type="stmt"/>
      <line num="35" count="2" type="stmt"/>
      <line num="36" count="2" type="stmt"/>
      <line num="42" count="3" type="cond" truecount="2" falsecount="0"/>
      <line num="44" count="2" type="cond" truecount="1" falsecount="1"/>
      <line num="48" count="5" type="stmt"/>
      <line num="50" count="8" type="cond" truecount="2" falsecount="0"/>
      <line num="52" count="8" type="cond" truecount="2" falsecount="0"/>
      <line num="54" count="3" type="stmt"/>
      <line num="59" count="2" type="stmt"/>
      <line num="60" count="2" type="stmt"/>
      <line num="67" count="8" type="cond" truecount="2" falsecount="0"/>
      <line num="69" count="7" type="cond" truecount="2" falsecount="0"/>
      <line num="73" count="16" type="stmt"/>
      <line num="75" count="25" type="cond" truecount="2" falsecount="0"/>
      <line num="77" count="25" type="cond" truecount="2" falsecount="0"/>
      <line num="79" count="9" type="stmt"/>
      <line num="84" count="7" type="stmt"/>
      <line num="85" count="7" type="stmt"/>
      <line num="89" count="1" type="stmt"/>
    </file>
  </project>
</coverage>
