{"C:\\Users\\16462\\Desktop\\dsa-trees\\binary-tree.js": {"path":"C:\\Users\\16462\\Desktop\\dsa-trees\\binary-tree.js","statementMap":{"0":{"start":{"line":3,"column":10},"end":{"line":3,"column":28}},"1":{"start":{"line":7,"column":4},"end":{"line":7,"column":19}},"2":{"start":{"line":8,"column":4},"end":{"line":8,"column":21}},"3":{"start":{"line":9,"column":4},"end":{"line":9,"column":23}},"4":{"start":{"line":15,"column":4},"end":{"line":15,"column":21}},"5":{"start":{"line":22,"column":4},"end":{"line":22,"column":35}},"6":{"start":{"line":22,"column":27},"end":{"line":22,"column":35}},"7":{"start":{"line":28,"column":6},"end":{"line":29,"column":19}},"8":{"start":{"line":29,"column":10},"end":{"line":29,"column":19}},"9":{"start":{"line":32,"column":6},"end":{"line":33,"column":19}},"10":{"start":{"line":33,"column":10},"end":{"line":33,"column":19}},"11":{"start":{"line":36,"column":6},"end":{"line":37,"column":46}},"12":{"start":{"line":37,"column":10},"end":{"line":37,"column":46}},"13":{"start":{"line":40,"column":6},"end":{"line":41,"column":45}},"14":{"start":{"line":41,"column":10},"end":{"line":41,"column":45}},"15":{"start":{"line":43,"column":6},"end":{"line":43,"column":77}},"16":{"start":{"line":45,"column":2},"end":{"line":45,"column":32}},"17":{"start":{"line":52,"column":4},"end":{"line":52,"column":29}},"18":{"start":{"line":52,"column":20},"end":{"line":52,"column":29}},"19":{"start":{"line":55,"column":6},"end":{"line":55,"column":62}},"20":{"start":{"line":55,"column":53},"end":{"line":55,"column":62}},"21":{"start":{"line":56,"column":6},"end":{"line":56,"column":68}},"22":{"start":{"line":56,"column":30},"end":{"line":56,"column":68}},"23":{"start":{"line":57,"column":6},"end":{"line":57,"column":68}},"24":{"start":{"line":57,"column":31},"end":{"line":57,"column":68}},"25":{"start":{"line":58,"column":6},"end":{"line":60,"column":8}},"26":{"start":{"line":63,"column":4},"end":{"line":63,"column":37}},"27":{"start":{"line":70,"column":17},"end":{"line":70,"column":18}},"28":{"start":{"line":73,"column":6},"end":{"line":73,"column":34}},"29":{"start":{"line":73,"column":25},"end":{"line":73,"column":34}},"30":{"start":{"line":74,"column":22},"end":{"line":74,"column":45}},"31":{"start":{"line":75,"column":23},"end":{"line":75,"column":47}},"32":{"start":{"line":76,"column":6},"end":{"line":76,"column":63}},"33":{"start":{"line":77,"column":6},"end":{"line":77,"column":66}},"34":{"start":{"line":80,"column":4},"end":{"line":80,"column":28}},"35":{"start":{"line":81,"column":4},"end":{"line":81,"column":18}},"36":{"start":{"line":89,"column":4},"end":{"line":89,"column":40}},"37":{"start":{"line":89,"column":28},"end":{"line":89,"column":40}},"38":{"start":{"line":92,"column":16},"end":{"line":92,"column":27}},"39":{"start":{"line":93,"column":18},"end":{"line":93,"column":22}},"40":{"start":{"line":95,"column":4},"end":{"line":107,"column":5}},"41":{"start":{"line":96,"column":20},"end":{"line":96,"column":33}},"42":{"start":{"line":97,"column":23},"end":{"line":97,"column":34}},"43":{"start":{"line":98,"column":33},"end":{"line":98,"column":56}},"44":{"start":{"line":99,"column":34},"end":{"line":99,"column":74}},"45":{"start":{"line":101,"column":6},"end":{"line":103,"column":7}},"46":{"start":{"line":102,"column":8},"end":{"line":102,"column":29}},"47":{"start":{"line":105,"column":6},"end":{"line":105,"column":49}},"48":{"start":{"line":105,"column":24},"end":{"line":105,"column":49}},"49":{"start":{"line":106,"column":6},"end":{"line":106,"column":51}},"50":{"start":{"line":106,"column":25},"end":{"line":106,"column":51}},"51":{"start":{"line":109,"column":4},"end":{"line":109,"column":19}},"52":{"start":{"line":117,"column":4},"end":{"line":117,"column":65}},"53":{"start":{"line":117,"column":52},"end":{"line":117,"column":65}},"54":{"start":{"line":125,"column":6},"end":{"line":125,"column":35}},"55":{"start":{"line":125,"column":23},"end":{"line":125,"column":35}},"56":{"start":{"line":126,"column":6},"end":{"line":129,"column":7}},"57":{"start":{"line":127,"column":8},"end":{"line":127,"column":31}},"58":{"start":{"line":128,"column":8},"end":{"line":128,"column":34}},"59":{"start":{"line":130,"column":6},"end":{"line":132,"column":7}},"60":{"start":{"line":131,"column":8},"end":{"line":131,"column":74}},"61":{"start":{"line":133,"column":6},"end":{"line":135,"column":7}},"62":{"start":{"line":134,"column":8},"end":{"line":134,"column":75}},"63":{"start":{"line":136,"column":6},"end":{"line":136,"column":18}},"64":{"start":{"line":139,"column":20},"end":{"line":139,"column":56}},"65":{"start":{"line":140,"column":20},"end":{"line":140,"column":56}},"66":{"start":{"line":143,"column":6},"end":{"line":143,"column":67}},"67":{"start":{"line":145,"column":6},"end":{"line":145,"column":69}},"68":{"start":{"line":146,"column":4},"end":{"line":146,"column":41}},"69":{"start":{"line":153,"column":19},"end":{"line":153,"column":21}},"70":{"start":{"line":156,"column":6},"end":{"line":162,"column":7}},"71":{"start":{"line":157,"column":8},"end":{"line":157,"column":30}},"72":{"start":{"line":158,"column":8},"end":{"line":158,"column":28}},"73":{"start":{"line":159,"column":8},"end":{"line":159,"column":29}},"74":{"start":{"line":161,"column":8},"end":{"line":161,"column":25}},"75":{"start":{"line":165,"column":4},"end":{"line":165,"column":24}},"76":{"start":{"line":166,"column":4},"end":{"line":166,"column":28}},"77":{"start":{"line":173,"column":4},"end":{"line":173,"column":33}},"78":{"start":{"line":173,"column":21},"end":{"line":173,"column":33}},"79":{"start":{"line":175,"column":19},"end":{"line":175,"column":40}},"80":{"start":{"line":179,"column":6},"end":{"line":190,"column":7}},"81":{"start":{"line":180,"column":27},"end":{"line":180,"column":41}},"82":{"start":{"line":182,"column":8},"end":{"line":182,"column":44}},"83":{"start":{"line":182,"column":32},"end":{"line":182,"column":44}},"84":{"start":{"line":185,"column":26},"end":{"line":185,"column":57}},"85":{"start":{"line":186,"column":8},"end":{"line":186,"column":39}},"86":{"start":{"line":187,"column":8},"end":{"line":187,"column":40}},"87":{"start":{"line":189,"column":8},"end":{"line":189,"column":27}},"88":{"start":{"line":193,"column":17},"end":{"line":193,"column":28}},"89":{"start":{"line":194,"column":4},"end":{"line":194,"column":32}},"90":{"start":{"line":203,"column":4},"end":{"line":203,"column":42}},"91":{"start":{"line":203,"column":30},"end":{"line":203,"column":42}},"92":{"start":{"line":206,"column":4},"end":{"line":206,"column":75}},"93":{"start":{"line":206,"column":56},"end":{"line":206,"column":75}},"94":{"start":{"line":209,"column":17},"end":{"line":209,"column":74}},"95":{"start":{"line":212,"column":18},"end":{"line":212,"column":76}},"96":{"start":{"line":215,"column":4},"end":{"line":215,"column":60}},"97":{"start":{"line":215,"column":41},"end":{"line":215,"column":60}},"98":{"start":{"line":218,"column":4},"end":{"line":218,"column":62}},"99":{"start":{"line":218,"column":41},"end":{"line":218,"column":62}},"100":{"start":{"line":221,"column":4},"end":{"line":221,"column":53}},"101":{"start":{"line":221,"column":41},"end":{"line":221,"column":53}},"102":{"start":{"line":226,"column":0},"end":{"line":226,"column":48}}},"fnMap":{"0":{"name":"(anonymous_0)","decl":{"start":{"line":6,"column":2},"end":{"line":6,"column":3}},"loc":{"start":{"line":6,"column":46},"end":{"line":10,"column":3}},"line":6},"1":{"name":"(anonymous_1)","decl":{"start":{"line":14,"column":2},"end":{"line":14,"column":3}},"loc":{"start":{"line":14,"column":27},"end":{"line":16,"column":3}},"line":14},"2":{"name":"(anonymous_2)","decl":{"start":{"line":21,"column":2},"end":{"line":21,"column":3}},"loc":{"start":{"line":21,"column":13},"end":{"line":46,"column":3}},"line":21},"3":{"name":"minimumDepth","decl":{"start":{"line":25,"column":13},"end":{"line":25,"column":25}},"loc":{"start":{"line":25,"column":34},"end":{"line":44,"column":3}},"line":25},"4":{"name":"(anonymous_4)","decl":{"start":{"line":51,"column":3},"end":{"line":51,"column":4}},"loc":{"start":{"line":51,"column":14},"end":{"line":64,"column":3}},"line":51},"5":{"name":"maxDepthHelper","decl":{"start":{"line":54,"column":13},"end":{"line":54,"column":27}},"loc":{"start":{"line":54,"column":34},"end":{"line":61,"column":5}},"line":54},"6":{"name":"(anonymous_6)","decl":{"start":{"line":69,"column":3},"end":{"line":69,"column":4}},"loc":{"start":{"line":69,"column":12},"end":{"line":82,"column":3}},"line":69},"7":{"name":"maxSumHelper","decl":{"start":{"line":72,"column":13},"end":{"line":72,"column":25}},"loc":{"start":{"line":72,"column":32},"end":{"line":78,"column":5}},"line":72},"8":{"name":"(anonymous_8)","decl":{"start":{"line":88,"column":2},"end":{"line":88,"column":3}},"loc":{"start":{"line":88,"column":25},"end":{"line":110,"column":3}},"line":88},"9":{"name":"(anonymous_9)","decl":{"start":{"line":116,"column":3},"end":{"line":116,"column":4}},"loc":{"start":{"line":116,"column":28},"end":{"line":147,"column":3}},"line":116},"10":{"name":"findLevelAndParent","decl":{"start":{"line":119,"column":13},"end":{"line":119,"column":31}},"loc":{"start":{"line":124,"column":6},"end":{"line":137,"column":5}},"line":124},"11":{"name":"(anonymous_11)","decl":{"start":{"line":152,"column":3},"end":{"line":152,"column":4}},"loc":{"start":{"line":152,"column":26},"end":{"line":167,"column":3}},"line":152},"12":{"name":"traverse","decl":{"start":{"line":155,"column":13},"end":{"line":155,"column":21}},"loc":{"start":{"line":155,"column":28},"end":{"line":163,"column":5}},"line":155},"13":{"name":"(anonymous_13)","decl":{"start":{"line":172,"column":3},"end":{"line":172,"column":4}},"loc":{"start":{"line":172,"column":34},"end":{"line":195,"column":3}},"line":172},"14":{"name":"buildTree","decl":{"start":{"line":177,"column":13},"end":{"line":177,"column":22}},"loc":{"start":{"line":177,"column":25},"end":{"line":191,"column":5}},"line":177},"15":{"name":"(anonymous_15)","decl":{"start":{"line":201,"column":3},"end":{"line":201,"column":4}},"loc":{"start":{"line":201,"column":61},"end":{"line":222,"column":3}},"line":201}},"branchMap":{"0":{"loc":{"start":{"line":6,"column":19},"end":{"line":6,"column":30}},"type":"default-arg","locations":[{"start":{"line":6,"column":26},"end":{"line":6,"column":30}}],"line":6},"1":{"loc":{"start":{"line":6,"column":32},"end":{"line":6,"column":44}},"type":"default-arg","locations":[{"start":{"line":6,"column":40},"end":{"line":6,"column":44}}],"line":6},"2":{"loc":{"start":{"line":14,"column":14},"end":{"line":14,"column":25}},"type":"default-arg","locations":[{"start":{"line":14,"column":21},"end":{"line":14,"column":25}}],"line":14},"3":{"loc":{"start":{"line":22,"column":4},"end":{"line":22,"column":35}},"type":"if","locations":[{"start":{"line":22,"column":4},"end":{"line":22,"column":35}},{"start":{},"end":{}}],"line":22},"4":{"loc":{"start":{"line":28,"column":6},"end":{"line":29,"column":19}},"type":"if","locations":[{"start":{"line":28,"column":6},"end":{"line":29,"column":19}},{"start":{},"end":{}}],"line":28},"5":{"loc":{"start":{"line":32,"column":6},"end":{"line":33,"column":19}},"type":"if","locations":[{"start":{"line":32,"column":6},"end":{"line":33,"column":19}},{"start":{},"end":{}}],"line":32},"6":{"loc":{"start":{"line":32,"column":10},"end":{"line":32,"column":49}},"type":"binary-expr","locations":[{"start":{"line":32,"column":10},"end":{"line":32,"column":27}},{"start":{"line":32,"column":31},"end":{"line":32,"column":49}}],"line":32},"7":{"loc":{"start":{"line":36,"column":6},"end":{"line":37,"column":46}},"type":"if","locations":[{"start":{"line":36,"column":6},"end":{"line":37,"column":46}},{"start":{},"end":{}}],"line":36},"8":{"loc":{"start":{"line":40,"column":6},"end":{"line":41,"column":45}},"type":"if","locations":[{"start":{"line":40,"column":6},"end":{"line":41,"column":45}},{"start":{},"end":{}}],"line":40},"9":{"loc":{"start":{"line":52,"column":4},"end":{"line":52,"column":29}},"type":"if","locations":[{"start":{"line":52,"column":4},"end":{"line":52,"column":29}},{"start":{},"end":{}}],"line":52},"10":{"loc":{"start":{"line":55,"column":6},"end":{"line":55,"column":62}},"type":"if","locations":[{"start":{"line":55,"column":6},"end":{"line":55,"column":62}},{"start":{},"end":{}}],"line":55},"11":{"loc":{"start":{"line":55,"column":10},"end":{"line":55,"column":51}},"type":"binary-expr","locations":[{"start":{"line":55,"column":10},"end":{"line":55,"column":28}},{"start":{"line":55,"column":32},"end":{"line":55,"column":51}}],"line":55},"12":{"loc":{"start":{"line":56,"column":6},"end":{"line":56,"column":68}},"type":"if","locations":[{"start":{"line":56,"column":6},"end":{"line":56,"column":68}},{"start":{},"end":{}}],"line":56},"13":{"loc":{"start":{"line":57,"column":6},"end":{"line":57,"column":68}},"type":"if","locations":[{"start":{"line":57,"column":6},"end":{"line":57,"column":68}},{"start":{},"end":{}}],"line":57},"14":{"loc":{"start":{"line":73,"column":6},"end":{"line":73,"column":34}},"type":"if","locations":[{"start":{"line":73,"column":6},"end":{"line":73,"column":34}},{"start":{},"end":{}}],"line":73},"15":{"loc":{"start":{"line":89,"column":4},"end":{"line":89,"column":40}},"type":"if","locations":[{"start":{"line":89,"column":4},"end":{"line":89,"column":40}},{"start":{},"end":{}}],"line":89},"16":{"loc":{"start":{"line":99,"column":34},"end":{"line":99,"column":74}},"type":"binary-expr","locations":[{"start":{"line":99,"column":34},"end":{"line":99,"column":54}},{"start":{"line":99,"column":58},"end":{"line":99,"column":74}}],"line":99},"17":{"loc":{"start":{"line":101,"column":6},"end":{"line":103,"column":7}},"type":"if","locations":[{"start":{"line":101,"column":6},"end":{"line":103,"column":7}},{"start":{},"end":{}}],"line":101},"18":{"loc":{"start":{"line":101,"column":10},"end":{"line":101,"column":55}},"type":"binary-expr","locations":[{"start":{"line":101,"column":10},"end":{"line":101,"column":30}},{"start":{"line":101,"column":34},"end":{"line":101,"column":55}}],"line":101},"19":{"loc":{"start":{"line":105,"column":6},"end":{"line":105,"column":49}},"type":"if","locations":[{"start":{"line":105,"column":6},"end":{"line":105,"column":49}},{"start":{},"end":{}}],"line":105},"20":{"loc":{"start":{"line":106,"column":6},"end":{"line":106,"column":51}},"type":"if","locations":[{"start":{"line":106,"column":6},"end":{"line":106,"column":51}},{"start":{},"end":{}}],"line":106},"21":{"loc":{"start":{"line":117,"column":4},"end":{"line":117,"column":65}},"type":"if","locations":[{"start":{"line":117,"column":4},"end":{"line":117,"column":65}},{"start":{},"end":{}}],"line":117},"22":{"loc":{"start":{"line":117,"column":8},"end":{"line":117,"column":50}},"type":"binary-expr","locations":[{"start":{"line":117,"column":8},"end":{"line":117,"column":27}},{"start":{"line":117,"column":31},"end":{"line":117,"column":50}}],"line":117},"23":{"loc":{"start":{"line":122,"column":6},"end":{"line":122,"column":15}},"type":"default-arg","locations":[{"start":{"line":122,"column":14},"end":{"line":122,"column":15}}],"line":122},"24":{"loc":{"start":{"line":123,"column":6},"end":{"line":123,"column":39}},"type":"default-arg","locations":[{"start":{"line":123,"column":13},"end":{"line":123,"column":39}}],"line":123},"25":{"loc":{"start":{"line":125,"column":6},"end":{"line":125,"column":35}},"type":"if","locations":[{"start":{"line":125,"column":6},"end":{"line":125,"column":35}},{"start":{},"end":{}}],"line":125},"26":{"loc":{"start":{"line":126,"column":6},"end":{"line":129,"column":7}},"type":"if","locations":[{"start":{"line":126,"column":6},"end":{"line":129,"column":7}},{"start":{},"end":{}}],"line":126},"27":{"loc":{"start":{"line":126,"column":10},"end":{"line":126,"column":77}},"type":"binary-expr","locations":[{"start":{"line":126,"column":10},"end":{"line":126,"column":41}},{"start":{"line":126,"column":45},"end":{"line":126,"column":77}}],"line":126},"28":{"loc":{"start":{"line":130,"column":6},"end":{"line":132,"column":7}},"type":"if","locations":[{"start":{"line":130,"column":6},"end":{"line":132,"column":7}},{"start":{},"end":{}}],"line":130},"29":{"loc":{"start":{"line":133,"column":6},"end":{"line":135,"column":7}},"type":"if","locations":[{"start":{"line":133,"column":6},"end":{"line":135,"column":7}},{"start":{},"end":{}}],"line":133},"30":{"loc":{"start":{"line":143,"column":6},"end":{"line":143,"column":67}},"type":"binary-expr","locations":[{"start":{"line":143,"column":6},"end":{"line":143,"column":15}},{"start":{"line":143,"column":19},"end":{"line":143,"column":28}},{"start":{"line":143,"column":32},"end":{"line":143,"column":67}}],"line":143},"31":{"loc":{"start":{"line":145,"column":6},"end":{"line":145,"column":69}},"type":"binary-expr","locations":[{"start":{"line":145,"column":6},"end":{"line":145,"column":15}},{"start":{"line":145,"column":19},"end":{"line":145,"column":28}},{"start":{"line":145,"column":32},"end":{"line":145,"column":69}}],"line":145},"32":{"loc":{"start":{"line":146,"column":11},"end":{"line":146,"column":40}},"type":"binary-expr","locations":[{"start":{"line":146,"column":11},"end":{"line":146,"column":20}},{"start":{"line":146,"column":24},"end":{"line":146,"column":40}}],"line":146},"33":{"loc":{"start":{"line":156,"column":6},"end":{"line":162,"column":7}},"type":"if","locations":[{"start":{"line":156,"column":6},"end":{"line":162,"column":7}},{"start":{"line":160,"column":13},"end":{"line":162,"column":7}}],"line":156},"34":{"loc":{"start":{"line":173,"column":4},"end":{"line":173,"column":33}},"type":"if","locations":[{"start":{"line":173,"column":4},"end":{"line":173,"column":33}},{"start":{},"end":{}}],"line":173},"35":{"loc":{"start":{"line":179,"column":6},"end":{"line":190,"column":7}},"type":"if","locations":[{"start":{"line":179,"column":6},"end":{"line":190,"column":7}},{"start":{},"end":{}}],"line":179},"36":{"loc":{"start":{"line":182,"column":8},"end":{"line":182,"column":44}},"type":"if","locations":[{"start":{"line":182,"column":8},"end":{"line":182,"column":44}},{"start":{},"end":{}}],"line":182},"37":{"loc":{"start":{"line":201,"column":38},"end":{"line":201,"column":59}},"type":"default-arg","locations":[{"start":{"line":201,"column":50},"end":{"line":201,"column":59}}],"line":201},"38":{"loc":{"start":{"line":203,"column":4},"end":{"line":203,"column":42}},"type":"if","locations":[{"start":{"line":203,"column":4},"end":{"line":203,"column":42}},{"start":{},"end":{}}],"line":203},"39":{"loc":{"start":{"line":206,"column":4},"end":{"line":206,"column":75}},"type":"if","locations":[{"start":{"line":206,"column":4},"end":{"line":206,"column":75}},{"start":{},"end":{}}],"line":206},"40":{"loc":{"start":{"line":206,"column":8},"end":{"line":206,"column":54}},"type":"binary-expr","locations":[{"start":{"line":206,"column":8},"end":{"line":206,"column":29}},{"start":{"line":206,"column":33},"end":{"line":206,"column":54}}],"line":206},"41":{"loc":{"start":{"line":215,"column":4},"end":{"line":215,"column":60}},"type":"if","locations":[{"start":{"line":215,"column":4},"end":{"line":215,"column":60}},{"start":{},"end":{}}],"line":215},"42":{"loc":{"start":{"line":215,"column":8},"end":{"line":215,"column":39}},"type":"binary-expr","locations":[{"start":{"line":215,"column":8},"end":{"line":215,"column":21}},{"start":{"line":215,"column":25},"end":{"line":215,"column":39}}],"line":215},"43":{"loc":{"start":{"line":218,"column":4},"end":{"line":218,"column":62}},"type":"if","locations":[{"start":{"line":218,"column":4},"end":{"line":218,"column":62}},{"start":{},"end":{}}],"line":218},"44":{"loc":{"start":{"line":218,"column":8},"end":{"line":218,"column":39}},"type":"binary-expr","locations":[{"start":{"line":218,"column":8},"end":{"line":218,"column":21}},{"start":{"line":218,"column":25},"end":{"line":218,"column":39}}],"line":218},"45":{"loc":{"start":{"line":218,"column":48},"end":{"line":218,"column":61}},"type":"binary-expr","locations":[{"start":{"line":218,"column":48},"end":{"line":218,"column":52}},{"start":{"line":218,"column":56},"end":{"line":218,"column":61}}],"line":218},"46":{"loc":{"start":{"line":221,"column":4},"end":{"line":221,"column":53}},"type":"if","locations":[{"start":{"line":221,"column":4},"end":{"line":221,"column":53}},{"start":{},"end":{}}],"line":221},"47":{"loc":{"start":{"line":221,"column":8},"end":{"line":221,"column":39}},"type":"binary-expr","locations":[{"start":{"line":221,"column":8},"end":{"line":221,"column":21}},{"start":{"line":221,"column":25},"end":{"line":221,"column":39}}],"line":221}},"s":{"0":1,"1":252,"2":252,"3":252,"4":68,"5":3,"6":0,"7":11,"8":1,"9":10,"10":6,"11":4,"12":0,"13":4,"14":0,"15":4,"16":3,"17":3,"18":1,"19":10,"20":6,"21":4,"22":0,"23":4,"24":0,"25":4,"26":2,"27":4,"28":36,"29":20,"30":16,"31":16,"32":16,"33":16,"34":4,"35":4,"36":10,"37":1,"38":9,"39":9,"40":9,"41":51,"42":51,"43":51,"44":51,"45":51,"46":15,"47":51,"48":21,"49":51,"50":21,"51":9,"52":9,"53":1,"54":86,"55":39,"56":47,"57":16,"58":16,"59":47,"60":35,"61":47,"62":35,"63":47,"64":8,"65":8,"66":8,"67":8,"68":8,"69":4,"70":44,"71":20,"72":20,"73":20,"74":24,"75":4,"76":4,"77":3,"78":0,"79":3,"80":33,"81":33,"82":33,"83":18,"84":15,"85":15,"86":15,"87":15,"88":3,"89":3,"90":46,"91":18,"92":28,"93":7,"94":21,"95":21,"96":21,"97":3,"98":18,"99":5,"100":13,"101":13,"102":1},"f":{"0":252,"1":68,"2":3,"3":11,"4":3,"5":10,"6":4,"7":36,"8":10,"9":9,"10":86,"11":4,"12":44,"13":3,"14":33,"15":46},"b":{"0":[170],"1":[171],"2":[19],"3":[0,3],"4":[1,10],"5":[6,4],"6":[10,6],"7":[0,4],"8":[0,4],"9":[1,2],"10":[6,4],"11":[10,6],"12":[0,4],"13":[0,4],"14":[20,16],"15":[1,9],"16":[51,22],"17":[15,36],"18":[51,20],"19":[21,30],"20":[21,30],"21":[1,8],"22":[9,8],"23":[16],"24":[16],"25":[39,47],"26":[16,31],"27":[47,39],"28":[35,12],"29":[35,12],"30":[8,8,8],"31":[8,8,8],"32":[8,7],"33":[20,24],"34":[0,3],"35":[33,0],"36":[18,15],"37":[4],"38":[18,28],"39":[7,21],"40":[28,24],"41":[3,18],"42":[21,6],"43":[5,13],"44":[18,15],"45":[5,2],"46":[13,0],"47":[13,13]},"_coverageSchema":"1a1c01bbd47fc00a2c39e90264f33305004495a9","hash":"c8f2d6332142be2b9348a5101a6478e968cfe4df"}
,"C:\\Users\\16462\\Desktop\\dsa-trees\\tree.js": {"path":"C:\\Users\\16462\\Desktop\\dsa-trees\\tree.js","statementMap":{"0":{"start":{"line":5,"column":4},"end":{"line":5,"column":19}},"1":{"start":{"line":6,"column":4},"end":{"line":6,"column":29}},"2":{"start":{"line":12,"column":4},"end":{"line":12,"column":21}},"3":{"start":{"line":18,"column":4},"end":{"line":18,"column":29}},"4":{"start":{"line":18,"column":20},"end":{"line":18,"column":29}},"5":{"start":{"line":20,"column":16},"end":{"line":20,"column":29}},"6":{"start":{"line":24,"column":6},"end":{"line":32,"column":7}},"7":{"start":{"line":26,"column":8},"end":{"line":26,"column":27}},"8":{"start":{"line":28,"column":8},"end":{"line":31,"column":9}},"9":{"start":{"line":30,"column":10},"end":{"line":30,"column":27}},"10":{"start":{"line":35,"column":4},"end":{"line":35,"column":25}},"11":{"start":{"line":36,"column":4},"end":{"line":36,"column":17}},"12":{"start":{"line":42,"column":4},"end":{"line":42,"column":29}},"13":{"start":{"line":42,"column":20},"end":{"line":42,"column":29}},"14":{"start":{"line":44,"column":16},"end":{"line":44,"column":47}},"15":{"start":{"line":48,"column":6},"end":{"line":56,"column":7}},"16":{"start":{"line":50,"column":8},"end":{"line":50,"column":41}},"17":{"start":{"line":50,"column":33},"end":{"line":50,"column":41}},"18":{"start":{"line":52,"column":8},"end":{"line":55,"column":9}},"19":{"start":{"line":54,"column":10},"end":{"line":54,"column":34}},"20":{"start":{"line":59,"column":4},"end":{"line":59,"column":32}},"21":{"start":{"line":60,"column":4},"end":{"line":60,"column":17}},"22":{"start":{"line":67,"column":4},"end":{"line":67,"column":29}},"23":{"start":{"line":67,"column":20},"end":{"line":67,"column":29}},"24":{"start":{"line":69,"column":16},"end":{"line":69,"column":50}},"25":{"start":{"line":73,"column":6},"end":{"line":81,"column":7}},"26":{"start":{"line":75,"column":8},"end":{"line":75,"column":44}},"27":{"start":{"line":75,"column":36},"end":{"line":75,"column":44}},"28":{"start":{"line":77,"column":8},"end":{"line":80,"column":9}},"29":{"start":{"line":79,"column":10},"end":{"line":79,"column":34}},"30":{"start":{"line":84,"column":4},"end":{"line":84,"column":32}},"31":{"start":{"line":85,"column":4},"end":{"line":85,"column":17}},"32":{"start":{"line":89,"column":0},"end":{"line":89,"column":36}}},"fnMap":{"0":{"name":"(anonymous_0)","decl":{"start":{"line":4,"column":2},"end":{"line":4,"column":3}},"loc":{"start":{"line":4,"column":34},"end":{"line":7,"column":3}},"line":4},"1":{"name":"(anonymous_1)","decl":{"start":{"line":11,"column":2},"end":{"line":11,"column":3}},"loc":{"start":{"line":11,"column":27},"end":{"line":13,"column":3}},"line":11},"2":{"name":"(anonymous_2)","decl":{"start":{"line":17,"column":2},"end":{"line":17,"column":3}},"loc":{"start":{"line":17,"column":14},"end":{"line":37,"column":3}},"line":17},"3":{"name":"sumHelper","decl":{"start":{"line":22,"column":13},"end":{"line":22,"column":22}},"loc":{"start":{"line":22,"column":29},"end":{"line":33,"column":5}},"line":22},"4":{"name":"(anonymous_4)","decl":{"start":{"line":41,"column":2},"end":{"line":41,"column":3}},"loc":{"start":{"line":41,"column":15},"end":{"line":61,"column":3}},"line":41},"5":{"name":"countEvensHelper","decl":{"start":{"line":46,"column":13},"end":{"line":46,"column":29}},"loc":{"start":{"line":46,"column":36},"end":{"line":57,"column":5}},"line":46},"6":{"name":"(anonymous_6)","decl":{"start":{"line":66,"column":2},"end":{"line":66,"column":3}},"loc":{"start":{"line":66,"column":25},"end":{"line":86,"column":3}},"line":66},"7":{"name":"countEvensHelper","decl":{"start":{"line":71,"column":13},"end":{"line":71,"column":29}},"loc":{"start":{"line":71,"column":36},"end":{"line":82,"column":5}},"line":71}},"branchMap":{"0":{"loc":{"start":{"line":4,"column":19},"end":{"line":4,"column":32}},"type":"default-arg","locations":[{"start":{"line":4,"column":30},"end":{"line":4,"column":32}}],"line":4},"1":{"loc":{"start":{"line":11,"column":14},"end":{"line":11,"column":25}},"type":"default-arg","locations":[{"start":{"line":11,"column":21},"end":{"line":11,"column":25}}],"line":11},"2":{"loc":{"start":{"line":18,"column":4},"end":{"line":18,"column":29}},"type":"if","locations":[{"start":{"line":18,"column":4},"end":{"line":18,"column":29}},{"start":{},"end":{}}],"line":18},"3":{"loc":{"start":{"line":28,"column":8},"end":{"line":31,"column":9}},"type":"if","locations":[{"start":{"line":28,"column":8},"end":{"line":31,"column":9}},{"start":{},"end":{}}],"line":28},"4":{"loc":{"start":{"line":42,"column":4},"end":{"line":42,"column":29}},"type":"if","locations":[{"start":{"line":42,"column":4},"end":{"line":42,"column":29}},{"start":{},"end":{}}],"line":42},"5":{"loc":{"start":{"line":44,"column":16},"end":{"line":44,"column":47}},"type":"cond-expr","locations":[{"start":{"line":44,"column":42},"end":{"line":44,"column":43}},{"start":{"line":44,"column":46},"end":{"line":44,"column":47}}],"line":44},"6":{"loc":{"start":{"line":50,"column":8},"end":{"line":50,"column":41}},"type":"if","locations":[{"start":{"line":50,"column":8},"end":{"line":50,"column":41}},{"start":{},"end":{}}],"line":50},"7":{"loc":{"start":{"line":52,"column":8},"end":{"line":55,"column":9}},"type":"if","locations":[{"start":{"line":52,"column":8},"end":{"line":55,"column":9}},{"start":{},"end":{}}],"line":52},"8":{"loc":{"start":{"line":67,"column":4},"end":{"line":67,"column":29}},"type":"if","locations":[{"start":{"line":67,"column":4},"end":{"line":67,"column":29}},{"start":{},"end":{}}],"line":67},"9":{"loc":{"start":{"line":69,"column":16},"end":{"line":69,"column":50}},"type":"cond-expr","locations":[{"start":{"line":69,"column":45},"end":{"line":69,"column":46}},{"start":{"line":69,"column":49},"end":{"line":69,"column":50}}],"line":69},"10":{"loc":{"start":{"line":75,"column":8},"end":{"line":75,"column":44}},"type":"if","locations":[{"start":{"line":75,"column":8},"end":{"line":75,"column":44}},{"start":{},"end":{}}],"line":75},"11":{"loc":{"start":{"line":77,"column":8},"end":{"line":80,"column":9}},"type":"if","locations":[{"start":{"line":77,"column":8},"end":{"line":80,"column":9}},{"start":{},"end":{}}],"line":77}},"s":{"0":90,"1":90,"2":27,"3":3,"4":1,"5":2,"6":5,"7":8,"8":8,"9":3,"10":2,"11":2,"12":3,"13":1,"14":2,"15":5,"16":8,"17":5,"18":8,"19":3,"20":2,"21":2,"22":8,"23":1,"24":7,"25":16,"26":25,"27":13,"28":25,"29":9,"30":7,"31":7,"32":1},"f":{"0":90,"1":27,"2":3,"3":5,"4":3,"5":5,"6":8,"7":16},"b":{"0":[90],"1":[9],"2":[1,2],"3":[3,5],"4":[1,2],"5":[0,2],"6":[5,3],"7":[3,5],"8":[1,7],"9":[2,5],"10":[13,12],"11":[9,16]},"_coverageSchema":"1a1c01bbd47fc00a2c39e90264f33305004495a9","hash":"561571dd429ef4caa331782d5ee35d47f4ef0f22"}
}
