TN:
SF:binary-tree.js
FN:6,(anonymous_0)
FN:14,(anonymous_1)
FN:21,(anonymous_2)
FN:25,minimumDepth
FN:51,(anonymous_4)
FN:54,maxDepthHelper
FN:69,(anonymous_6)
FN:72,maxSumHelper
FN:88,(anonymous_8)
FN:116,(anonymous_9)
FN:119,findLevelAndParent
FN:152,(anonymous_11)
FN:155,traverse
FN:172,(anonymous_13)
FN:177,buildTree
FN:201,(anonymous_15)
FNF:16
FNH:16
FNDA:252,(anonymous_0)
FNDA:68,(anonymous_1)
FNDA:3,(anonymous_2)
FNDA:11,minimumDepth
FNDA:3,(anonymous_4)
FNDA:10,maxDepthHelper
FNDA:4,(anonymous_6)
FNDA:36,maxSumHelper
FNDA:10,(anonymous_8)
FNDA:9,(anonymous_9)
FNDA:86,findLevelAndParent
FNDA:4,(anonymous_11)
FNDA:44,traverse
FNDA:3,(anonymous_13)
FNDA:33,buildTree
FNDA:46,(anonymous_15)
DA:3,1
DA:7,252
DA:8,252
DA:9,252
DA:15,68
DA:22,3
DA:28,11
DA:29,1
DA:32,10
DA:33,6
DA:36,4
DA:37,0
DA:40,4
DA:41,0
DA:43,4
DA:45,3
DA:52,3
DA:55,10
DA:56,4
DA:57,4
DA:58,4
DA:63,2
DA:70,4
DA:73,36
DA:74,16
DA:75,16
DA:76,16
DA:77,16
DA:80,4
DA:81,4
DA:89,10
DA:92,9
DA:93,9
DA:95,9
DA:96,51
DA:97,51
DA:98,51
DA:99,51
DA:101,51
DA:102,15
DA:105,51
DA:106,51
DA:109,9
DA:117,9
DA:125,86
DA:126,47
DA:127,16
DA:128,16
DA:130,47
DA:131,35
DA:133,47
DA:134,35
DA:136,47
DA:139,8
DA:140,8
DA:143,8
DA:145,8
DA:146,8
DA:153,4
DA:156,44
DA:157,20
DA:158,20
DA:159,20
DA:161,24
DA:165,4
DA:166,4
DA:173,3
DA:175,3
DA:179,33
DA:180,33
DA:182,33
DA:185,15
DA:186,15
DA:187,15
DA:189,15
DA:193,3
DA:194,3
DA:203,46
DA:206,28
DA:209,21
DA:212,21
DA:215,21
DA:218,18
DA:221,13
DA:226,1
LF:85
LH:83
BRDA:6,0,0,170
BRDA:6,1,0,171
BRDA:14,2,0,19
BRDA:22,3,0,0
BRDA:22,3,1,3
BRDA:28,4,0,1
BRDA:28,4,1,10
BRDA:32,5,0,6
BRDA:32,5,1,4
BRDA:32,6,0,10
BRDA:32,6,1,6
BRDA:36,7,0,0
BRDA:36,7,1,4
BRDA:40,8,0,0
BRDA:40,8,1,4
BRDA:52,9,0,1
BRDA:52,9,1,2
BRDA:55,10,0,6
BRDA:55,10,1,4
BRDA:55,11,0,10
BRDA:55,11,1,6
BRDA:56,12,0,0
BRDA:56,12,1,4
BRDA:57,13,0,0
BRDA:57,13,1,4
BRDA:73,14,0,20
BRDA:73,14,1,16
BRDA:89,15,0,1
BRDA:89,15,1,9
BRDA:99,16,0,51
BRDA:99,16,1,22
BRDA:101,17,0,15
BRDA:101,17,1,36
BRDA:101,18,0,51
BRDA:101,18,1,20
BRDA:105,19,0,21
BRDA:105,19,1,30
BRDA:106,20,0,21
BRDA:106,20,1,30
BRDA:117,21,0,1
BRDA:117,21,1,8
BRDA:117,22,0,9
BRDA:117,22,1,8
BRDA:122,23,0,16
BRDA:123,24,0,16
BRDA:125,25,0,39
BRDA:125,25,1,47
BRDA:126,26,0,16
BRDA:126,26,1,31
BRDA:126,27,0,47
BRDA:126,27,1,39
BRDA:130,28,0,35
BRDA:130,28,1,12
BRDA:133,29,0,35
BRDA:133,29,1,12
BRDA:143,30,0,8
BRDA:143,30,1,8
BRDA:143,30,2,8
BRDA:145,31,0,8
BRDA:145,31,1,8
BRDA:145,31,2,8
BRDA:146,32,0,8
BRDA:146,32,1,7
BRDA:156,33,0,20
BRDA:156,33,1,24
BRDA:173,34,0,0
BRDA:173,34,1,3
BRDA:179,35,0,33
BRDA:179,35,1,0
BRDA:182,36,0,18
BRDA:182,36,1,15
BRDA:201,37,0,4
BRDA:203,38,0,18
BRDA:203,38,1,28
BRDA:206,39,0,7
BRDA:206,39,1,21
BRDA:206,40,0,28
BRDA:206,40,1,24
BRDA:215,41,0,3
BRDA:215,41,1,18
BRDA:215,42,0,21
BRDA:215,42,1,6
BRDA:218,43,0,5
BRDA:218,43,1,13
BRDA:218,44,0,18
BRDA:218,44,1,15
BRDA:218,45,0,5
BRDA:218,45,1,2
BRDA:221,46,0,13
BRDA:221,46,1,0
BRDA:221,47,0,13
BRDA:221,47,1,13
BRF:92
BRH:84
end_of_record
TN:
SF:tree.js
FN:4,(anonymous_0)
FN:11,(anonymous_1)
FN:17,(anonymous_2)
FN:22,sumHelper
FN:41,(anonymous_4)
FN:46,countEvensHelper
FN:66,(anonymous_6)
FN:71,countEvensHelper
FNF:8
FNH:8
FNDA:90,(anonymous_0)
FNDA:27,(anonymous_1)
FNDA:3,(anonymous_2)
FNDA:5,sumHelper
FNDA:3,(anonymous_4)
FNDA:5,countEvensHelper
FNDA:8,(anonymous_6)
FNDA:16,countEvensHelper
DA:5,90
DA:6,90
DA:12,27
DA:18,3
DA:20,2
DA:24,5
DA:26,8
DA:28,8
DA:30,3
DA:35,2
DA:36,2
DA:42,3
DA:44,2
DA:48,5
DA:50,8
DA:52,8
DA:54,3
DA:59,2
DA:60,2
DA:67,8
DA:69,7
DA:73,16
DA:75,25
DA:77,25
DA:79,9
DA:84,7
DA:85,7
DA:89,1
LF:28
LH:28
BRDA:4,0,0,90
BRDA:11,1,0,9
BRDA:18,2,0,1
BRDA:18,2,1,2
BRDA:28,3,0,3
BRDA:28,3,1,5
BRDA:42,4,0,1
BRDA:42,4,1,2
BRDA:44,5,0,0
BRDA:44,5,1,2
BRDA:50,6,0,5
BRDA:50,6,1,3
BRDA:52,7,0,3
BRDA:52,7,1,5
BRDA:67,8,0,1
BRDA:67,8,1,7
BRDA:69,9,0,2
BRDA:69,9,1,5
BRDA:75,10,0,13
BRDA:75,10,1,12
BRDA:77,11,0,9
BRDA:77,11,1,16
BRF:22
BRH:21
end_of_record
